//-------------------------- 6/14/2015 -- 19:54:19 -----
Processor Init:
   AMD Phenom, ~3.32 Ghz
   FPU detected
   MMX detected
   SSE detected
   SSE2 detected
   MP detected [4 cores, 4 logical, 1 physical]
 
Math Init:
   Installing Standard C extensions
   Installing Assembly extensions
   Installing FPU extensions
   Installing MMX extensions
   Installing SSE extensions
 
Initializing platform...
Input Init:
   keyboard0 input device created.
   mouse0 input device created.
   DirectInput enabled.

Done
SFXALProvider - OpenAL not available.
GFX Init:
   Direct 3D (version 9.x) device found
   Direct 3D (version 9.x) device found
   Null device found

DebugDrawer Enabled!
--------- Loading DIRS ---------

--------- Parsing Arguments ---------
Binding server port to default IP
UDP initialized on port 0
Attempting to create GFX device: NVIDIA GeForce GT 620 (D3D9) [\\.\DISPLAY1]
Device created, setting adapter and enumerating modes
   Cur. D3DDevice ref count=1
   Pix version detected: 3.000000
   Vert version detected: 3.000000
   Maximum number of simultaneous samplers: 16
   Number of simultaneous render targets: 4
   Hardware occlusion query detected: Yes
   Using Direct3D9Ex: No
WMIVideoInfo: DxDiag initialized
Initializing GFXCardProfiler (D3D9)
   o Chipset : 'GeForce GT 620'
   o Card    : 'GeForce GT 620'
   o Version : '9.18.0013.1407'
   o VRAM    : 2047 MB
   - Scanning card capabilities...
GFXCardProfiler (D3D9) - Setting capability 'autoMipMapLevel' to 1.
GFXCardProfiler (D3D9) - Setting capability 'maxTextureWidth' to 8192.
GFXCardProfiler (D3D9) - Setting capability 'maxTextureHeight' to 8192.
GFXCardProfiler (D3D9) - Setting capability 'maxTextureSize' to 8192.
GFXCardProfiler (D3D9) - Setting capability 'lerpDetailBlend' to 1.
GFXCardProfiler (D3D9) - Setting capability 'fourStageDetailBlend' to 1.
   - Loading card profiles...
      - Loaded card profile core/profile/D3D9.cs
      - No card profile core/profile/D3D9.GeForceGT620.cs exists
      - No card profile core/profile/D3D9.GeForceGT620.GeForceGT620.cs exists
      - No card profile core/profile/D3D9.GeForceGT620.GeForceGT620.91800131407.cs exists
% - PostFX Manager - Executing core/scripts/client/postFx/default.postfxpreset.cs
% - PostFX Manager - Applying from preset
% - PostFX Manager - PostFX enabled
 % - Initialized Core

--------- Initializing Directory: scripts ---------
sfxStartup...
SFXSystem::createDevice - created DirectSound device 'Primary Sound Driver'
SFXDSDevice::setDistanceModel - 'linear' distance attenuation not supported by DirectSound
   Provider: DirectSound
   Device: Primary Sound Driver
   Hardware: No
   Buffers: 16

--------- Initializing Battle of Tos: Server Scripts ---------

--------- Initializing Battle of Tos: Client Scripts ---------

--------- Initializing Lighting Systems ---------
Using Advanced Lighting


--------------
Attempting to set resolution to "1024 768 false 32 60 4"
Accepted Mode: 
--Resolution : 1024 768
--Full Screen : No
--Bits Per Pixel : 32
--Refresh Rate : 60
--FSAA Level : 4
--------------
GFXPCD3D9Device::reset - depthstencil 60728a0 has 2 ref's
--- Resetting D3D Device ---
GFXPCD3D9Device::reset - depthstencil 6053dc0 has 2 ref's
--- Resetting D3D Device ---
Binding server port to default IP
UDP initialized on port 0
Activating DirectInput...
 % - Initializing Tools
tools/gui/guiPlatformGenericMenubar.ed.gui (0): Unable to instantiate non-conobject class GuiPlatformGenericMenuBar.
 % - Initializing Tools Base
 % - Initializing Base Editor
 % - Initializing World Editor
 % - Initializing Sketch Tool
 - Initializing Datablock Editor
 % - Initializing Debugger
 % - Initializing Decal Editor
 % - Initializing Forest Editor
 % - Initializing Gui Editor
 % - Initializing Material Editor
 % - Initializing Mesh Road Editor
 % - Initializing Mission Area Editor
 % - Initializing Navigation Editor
SimObject::linkNamespaces -- Namespace linkage already in place NavEditorConsoleListener
 % - Initializing Particle Editor
 % - Initializing Physics Tools
No physics plugin exists.
 % - Initializing River Editor
 - Initializing Road and Path Editor
 % - Initializing Shape Editor
Engine initialized...
Win32Window::WindowProc - resetting device due to window size change.
GFXPCD3D9Device::reset - depthstencil 6053e60 has 2 ref's
--- Resetting D3D Device ---
Window focus status changed: focus: 1
AntiAliasing has been disabled; it is not compatible with AdvancedLighting.
Time spent in toggleEditor() : 0.146 s
Exporting server prefs...
Warning: shape art/shapes/weapons/Turret/Turret_Legs.DAE collision detail 0 (Collision-1) bounds exceed that of shape.
Warning: shape art/shapes/weapons/Turret/Turret_Legs.DAE collision detail 0 (Collision-1) bounds exceed that of shape.
Warning: shape art/shapes/weapons/Turret/Turret_Legs.DAE collision detail 0 (Collision-1) bounds exceed that of shape.
TSShape::removeNode: Node 'collision-1' has 1 objects attached, these will be reassigned to the node's parent ('null')
TSShape::removeNode: Node 'Cheetah_Turret_LOD300' has 1 objects attached, these will be reassigned to the node's parent ('null')
TSShape::removeNode: Node 'Tread_LOD300' has 1 objects attached, these will be reassigned to the node's parent ('null')
TSShape::removeNode: Node 'collision-1' has 1 objects attached, these will be reassigned to the node's parent ('null')
TSShape::removeNode: Node 'TireBack_LOD300' has 1 objects attached, these will be reassigned to the node's parent ('null')
TSShape::removeNode: Node 'collision-1' has 1 objects attached, these will be reassigned to the node's parent ('null')
*** LOADING MISSION: levels/tos.mis
*** Stage 1 load
*** Stage 2 load
Game -> activatePackages
*** Mission loaded
Connect request from: IP:0.0.0.0:0
Connection established 4462
CADD: 4463 local
*** Sending mission load to client: levels/tos.mis
Mapping string: ServerMessage to index: 0
Mapping string: MsgConnectionError to index: 1
Mapping string: MsgLoadInfo to index: 2
Mapping string: MsgLoadDescripition to index: 3
Mapping string: MsgLoadInfoDone to index: 4
Mapping string: MissionStartPhase1 to index: 5
*** New Mission: levels/tos.mis
*** Phase 1: Download Datablocks & Targets
% - PostFX Manager - Executing core/scripts/client/postFx/default.postfxpreset.cs
% - PostFX Manager - Applying from preset
% - PostFX Manager - PostFX enabled
Mapping string: MissionStartPhase1Ack to index: 0
Warning: shape art/shapes/weapons/Turret/Turret_Legs.DAE collision detail 1 (Collision-1) bounds exceed that of shape.
Warning: shape art/shapes/weapons/Turret/Turret_Legs.DAE collision detail 1 (Collision-1) bounds exceed that of shape.
Warning: shape art/shapes/weapons/Turret/Turret_Legs.DAE collision detail 1 (Collision-1) bounds exceed that of shape.
[MaterialList::mapMaterials] Unable to find material for texture: base.lmale
Mapping string: MissionStartPhase2 to index: 6
*** Phase 2: Download Ghost Objects
Mapping string: MissionStartPhase2Ack to index: 1
[MaterialList::mapMaterials] Unable to find material for texture: Material_002
[MaterialList::mapMaterials] Unable to find material for texture: Material_002
[MaterialList::mapMaterials] Unable to find material for texture: Material_002
[MaterialList::mapMaterials] Unable to find material for texture: Material_002
Ghost Always objects received.
Mapping string: MissionStartPhase3 to index: 7
Client Replication Startup has Happened!
fxFoliageReplicator - replicated client foliage for 0 objects
*** Phase 3: Mission Lighting
Mission lighting done
Mapping string: MissionStartPhase3Ack to index: 2
Mapping string: MissionStart to index: 8
Mapping string: SyncClock to index: 9
Mapping string: RefreshWeaponHud to index: 10
Mapping string: SetAmmoAmountHud to index: 11
Mapping string: ryder.png to index: 12
Mapping string: MsgClientJoin to index: 13
Mapping string: Welcome to the Torque demo app %1. to index: 14
Mapping string: Visitor to index: 15
*** Initial Control Object
C:/GIT_WD/treymd-github/BattleOfTos/shaders/common/postFx/edgeaa/edgeDetectP.hlsl(51,13): warning X3550: array reference cannot be used as an l-value; not natively addressable, forcing loop to unroll
Win32Window::WindowProc - resetting device due to window size change.
GFXPCD3D9Device::reset - depthstencil 60728a0 has 2 ref's
--- Resetting D3D Device ---
Time spent in toggleEditor() : 3.018 s
*** Control Object Changed
Mapping string: DarkBlue to index: 16
Mapping string: SetEditorCameraPlayer to index: 3
Win32Window::WindowProc - resetting device due to window size change.
GFXPCD3D9Device::reset - depthstencil 199c48a0 has 2 ref's
--- Resetting D3D Device ---
Mapping string: Sprint to index: 17
Mapping string: Stand to index: 18
Object mesh "tombston" has no matching detail ("detail2" has been added automatically)
Writing cached COLLADA shape to art/shapes/trey/tombstone.cached.dts
Mapping string: EditorOrbitCameraSelectChange to index: 4
Window focus status changed: focus: 0
  Using background sleep time: 200
DirectInput deactivated.
Activating DirectInput...
Window focus status changed: focus: 1
Window focus status changed: focus: 0
  Using background sleep time: 200
DirectInput deactivated.
    : file changed [art/shapes/trey/tombstone.dae]
[ResourceManager::notifiedFileChanged] : File changed [art/shapes/trey/tombstone.dae]
Object mesh "tombston" has no matching detail ("detail2" has been added automatically)
Writing cached COLLADA shape to art/shapes/trey/tombstone.cached.dts
Activating DirectInput...
Window focus status changed: focus: 1
Win32Window::WindowProc - resetting device due to window size change.
GFXPCD3D9Device::reset - depthstencil 199c48a0 has 2 ref's
--- Resetting D3D Device ---
Win32Window::WindowProc - resetting device due to window size change.
GFXPCD3D9Device::reset - depthstencil 199c48a0 has 2 ref's
--- Resetting D3D Device ---
Time spent in toggleEditor() : 0.245 s
Window focus status changed: focus: 0
  Using background sleep time: 200
DirectInput deactivated.
Activating DirectInput...
Window focus status changed: focus: 1
Warning, overwriting material for: matEd_mappedMat
DirectInput deactivated.
Activating DirectInput...
Window focus status changed: focus: 0
  Using background sleep time: 200
DirectInput deactivated.
Activating DirectInput...
Window focus status changed: focus: 1
Object mesh "tombcros" has no matching detail ("detail2" has been added automatically)
Writing cached COLLADA shape to art/shapes/trey/tombcross.cached.dts
Window focus status changed: focus: 0
  Using background sleep time: 200
DirectInput deactivated.
Activating DirectInput...
Window focus status changed: focus: 1
Object mesh "barrel" has no matching detail ("detail2" has been added automatically)
Writing cached COLLADA shape to art/shapes/trey/barrel.cached.dts
Window focus status changed: focus: 0
  Using background sleep time: 200
DirectInput deactivated.
Activating DirectInput...
DirectInput deactivated.
Activating DirectInput...
Window focus status changed: focus: 1
Window focus status changed: focus: 0
  Using background sleep time: 200
DirectInput deactivated.
Activating DirectInput...
Window focus status changed: focus: 1
Window focus status changed: focus: 0
  Using background sleep time: 200
DirectInput deactivated.
Activating DirectInput...
Window focus status changed: focus: 1
Object mesh "stem" has no matching detail ("detail2" has been added automatically)
Writing cached COLLADA shape to art/shapes/trey/apple.cached.dts
Window focus status changed: focus: 0
  Using background sleep time: 200
DirectInput deactivated.
Activating DirectInput...
Window focus status changed: focus: 1
Object mesh "barstool" has no matching detail ("detail2" has been added automatically)
Writing cached COLLADA shape to art/shapes/trey/barstool.cached.dts
Window focus status changed: focus: 0
  Using background sleep time: 200
DirectInput deactivated.
Activating DirectInput...
Window focus status changed: focus: 1
Window focus status changed: focus: 0
  Using background sleep time: 200
DirectInput deactivated.
Activating DirectInput...
Window focus status changed: focus: 1
Object mesh "socle" has no matching detail ("detail2" has been added automatically)
Writing cached COLLADA shape to art/shapes/trey/brazier.cached.dts
Window focus status changed: focus: 0
  Using background sleep time: 200
DirectInput deactivated.
Activating DirectInput...
Window focus status changed: focus: 1
Object mesh "rubies3" has no matching detail ("detail2" has been added automatically)
Writing cached COLLADA shape to art/shapes/trey/chalice.cached.dts
Window focus status changed: focus: 0
  Using background sleep time: 200
DirectInput deactivated.
Activating DirectInput...
Window focus status changed: focus: 1
Object mesh "dice2" has no matching detail ("detail2" has been added automatically)
Writing cached COLLADA shape to art/shapes/trey/dice.cached.dts
Window focus status changed: focus: 0
  Using background sleep time: 200
DirectInput deactivated.
Activating DirectInput...
Window focus status changed: focus: 1
Object mesh "jug4" has no matching detail ("detail2" has been added automatically)
Writing cached COLLADA shape to art/shapes/trey/jug4.cached.dts
DirectInput deactivated.
Window focus status changed: focus: 0
  Using background sleep time: 200
Activating DirectInput...
Window focus status changed: focus: 1
Object mesh "mushroom2" has no matching detail ("detail2" has been added automatically)
Writing cached COLLADA shape to art/shapes/trey/mushroom.cached.dts
Window focus status changed: focus: 0
  Using background sleep time: 200
DirectInput deactivated.
Activating DirectInput...
Window focus status changed: focus: 1
Object mesh "pillar" has no matching detail ("detail2" has been added automatically)
Writing cached COLLADA shape to art/shapes/trey/news.cached.dts
Window focus status changed: focus: 0
  Using background sleep time: 200
DirectInput deactivated.
Activating DirectInput...
Window focus status changed: focus: 1
Object mesh "leaf" has no matching detail ("detail2" has been added automatically)
Writing cached COLLADA shape to art/shapes/trey/razshrub.cached.dts
Window focus status changed: focus: 0
  Using background sleep time: 200
DirectInput deactivated.
    : file changed [art/shapes/trey/bark_diffuse.png]
[GFXTextureManager::_onFileChanged] : File changed [art/shapes/trey/bark_diffuse.png]
Activating DirectInput...
Window focus status changed: focus: 1
Object mesh "leaf" has no matching detail ("detail2" has been added automatically)
Writing cached COLLADA shape to art/shapes/trey/raztree1.cached.dts
Window focus status changed: focus: 0
  Using background sleep time: 200
DirectInput deactivated.
Activating DirectInput...
Window focus status changed: focus: 1
Object mesh "table" has no matching detail ("detail2" has been added automatically)
Writing cached COLLADA shape to art/shapes/trey/table.cached.dts
Window focus status changed: focus: 0
  Using background sleep time: 200
DirectInput deactivated.
Activating DirectInput...
Window focus status changed: focus: 1
Window focus status changed: focus: 0
  Using background sleep time: 200
DirectInput deactivated.
Activating DirectInput...
Window focus status changed: focus: 1
Window focus status changed: focus: 0
  Using background sleep time: 200
DirectInput deactivated.
Activating DirectInput...
Window focus status changed: focus: 1
Window focus status changed: focus: 0
  Using background sleep time: 200
DirectInput deactivated.
Activating DirectInput...
Window focus status changed: focus: 1
Window focus status changed: focus: 0
  Using background sleep time: 200
DirectInput deactivated.
Activating DirectInput...
Window focus status changed: focus: 1
Window focus status changed: focus: 0
  Using background sleep time: 200
DirectInput deactivated.
Activating DirectInput...
Window focus status changed: focus: 1
Window focus status changed: focus: 0
  Using background sleep time: 200
DirectInput deactivated.
Activating DirectInput...
Window focus status changed: focus: 1
Window focus status changed: focus: 0
  Using background sleep time: 200
DirectInput deactivated.
Activating DirectInput...
Window focus status changed: focus: 1
Window focus status changed: focus: 0
  Using background sleep time: 200
DirectInput deactivated.
Activating DirectInput...
Window focus status changed: focus: 1
Window focus status changed: focus: 0
  Using background sleep time: 200
DirectInput deactivated.
Activating DirectInput...
Window focus status changed: focus: 1
Window focus status changed: focus: 0
  Using background sleep time: 200
DirectInput deactivated.
Activating DirectInput...
Window focus status changed: focus: 1
Window focus status changed: focus: 0
  Using background sleep time: 200
DirectInput deactivated.
Activating DirectInput...
Window focus status changed: focus: 1
Window focus status changed: focus: 0
  Using background sleep time: 200
DirectInput deactivated.
Activating DirectInput...
Window focus status changed: focus: 1
Window focus status changed: focus: 0
  Using background sleep time: 200
DirectInput deactivated.
Activating DirectInput...
Window focus status changed: focus: 1
Window focus status changed: focus: 0
  Using background sleep time: 200
DirectInput deactivated.
Activating DirectInput...
Window focus status changed: focus: 1
Window focus status changed: focus: 0
  Using background sleep time: 200
DirectInput deactivated.
Activating DirectInput...
Window focus status changed: focus: 1
Window focus status changed: focus: 0
  Using background sleep time: 200
DirectInput deactivated.
Activating DirectInput...
Window focus status changed: focus: 1
Window focus status changed: focus: 0
  Using background sleep time: 200
DirectInput deactivated.
Activating DirectInput...
Window focus status changed: focus: 1
Window focus status changed: focus: 0
  Using background sleep time: 200
DirectInput deactivated.
Activating DirectInput...
Window focus status changed: focus: 1
Window focus status changed: focus: 0
  Using background sleep time: 200
DirectInput deactivated.
Activating DirectInput...
Window focus status changed: focus: 1
Window focus status changed: focus: 0
  Using background sleep time: 200
DirectInput deactivated.
Activating DirectInput...
Window focus status changed: focus: 1
Window focus status changed: focus: 0
  Using background sleep time: 200
DirectInput deactivated.
Activating DirectInput...
Window focus status changed: focus: 1
Window focus status changed: focus: 0
  Using background sleep time: 200
DirectInput deactivated.
Activating DirectInput...
Window focus status changed: focus: 1
C:/GIT_WD/treymd-github/BattleOfTos/shaders/common/postFx/dof/DOF_DownSample_P.hlsl(72,10): warning X3205: conversion from larger type to smaller, possible loss of data
C:/GIT_WD/treymd-github/BattleOfTos/shaders/common/postFx/dof/DOF_DownSample_P.hlsl(73,10): warning X3205: conversion from larger type to smaller, possible loss of data
C:/GIT_WD/treymd-github/BattleOfTos/shaders/common/postFx/dof/DOF_DownSample_P.hlsl(74,10): warning X3205: conversion from larger type to smaller, possible loss of data
C:/GIT_WD/treymd-github/BattleOfTos/shaders/common/postFx/dof/DOF_DownSample_P.hlsl(75,10): warning X3205: conversion from larger type to smaller, possible loss of data
C:/GIT_WD/treymd-github/BattleOfTos/shaders/common/postFx/dof/DOF_DownSample_P.hlsl(84,18): warning X3206: 'autogenUncondition_55070f7a': implicit truncation of vector type
C:/GIT_WD/treymd-github/BattleOfTos/shaders/common/postFx/dof/DOF_DownSample_P.hlsl(85,18): warning X3206: 'autogenUncondition_55070f7a': implicit truncation of vector type
C:/GIT_WD/treymd-github/BattleOfTos/shaders/common/postFx/dof/DOF_DownSample_P.hlsl(86,18): warning X3206: 'autogenUncondition_55070f7a': implicit truncation of vector type
C:/GIT_WD/treymd-github/BattleOfTos/shaders/common/postFx/dof/DOF_DownSample_P.hlsl(87,18): warning X3206: 'autogenUncondition_55070f7a': implicit truncation of vector type
C:/GIT_WD/treymd-github/BattleOfTos/shaders/common/postFx/dof/DOF_DownSample_P.hlsl(88,14): warning X3205: conversion from larger type to smaller, possible loss of data
C:/GIT_WD/treymd-github/BattleOfTos/shaders/common/postFx/dof/DOF_DownSample_P.hlsl(88,14): warning X3206: implicit truncation of vector type
C:/GIT_WD/treymd-github/BattleOfTos/shaders/common/postFx/dof/DOF_DownSample_P.hlsl(88,11): warning X3550: array reference cannot be used as an l-value; not natively addressable, forcing loop to unroll
C:/GIT_WD/treymd-github/BattleOfTos/shaders/common/postFx/dof/DOF_CalcCoC_P.hlsl(39,11): warning X3205: conversion from larger type to smaller, possible loss of data
C:/GIT_WD/treymd-github/BattleOfTos/shaders/common/postFx/dof/DOF_CalcCoC_P.hlsl(40,12): warning X3205: conversion from larger type to smaller, possible loss of data
C:/GIT_WD/treymd-github/BattleOfTos/shaders/common/postFx/dof/DOF_Final_P.hlsl(54,8): warning X3205: conversion from larger type to smaller, possible loss of data
C:/GIT_WD/treymd-github/BattleOfTos/shaders/common/postFx/dof/DOF_Final_P.hlsl(55,8): warning X3205: conversion from larger type to smaller, possible loss of data
C:/GIT_WD/treymd-github/BattleOfTos/shaders/common/postFx/dof/DOF_Final_P.hlsl(56,8): warning X3205: conversion from larger type to smaller, possible loss of data
C:/GIT_WD/treymd-github/BattleOfTos/shaders/common/postFx/dof/DOF_Final_P.hlsl(57,8): warning X3205: conversion from larger type to smaller, possible loss of data
C:/GIT_WD/treymd-github/BattleOfTos/shaders/common/postFx/dof/DOF_Final_P.hlsl(75,12): warning X3205: conversion from larger type to smaller, possible loss of data
C:/GIT_WD/treymd-github/BattleOfTos/shaders/common/postFx/dof/DOF_Final_P.hlsl(103,8): warning X3205: conversion from larger type to smaller, possible loss of data
C:/GIT_WD/treymd-github/BattleOfTos/shaders/common/postFx/dof/DOF_Final_P.hlsl(106,10): warning X3205: conversion from larger type to smaller, possible loss of data
C:/GIT_WD/treymd-github/BattleOfTos/shaders/common/postFx/dof/DOF_Final_P.hlsl(117,12): warning X3206: 'autogenUncondition_55070f7a': implicit truncation of vector type
C:/GIT_WD/treymd-github/BattleOfTos/shaders/common/postFx/dof/DOF_Final_P.hlsl(117,10): warning X3205: conversion from larger type to smaller, possible loss of data
C:/GIT_WD/treymd-github/BattleOfTos/shaders/common/postFx/dof/DOF_Final_P.hlsl(131,14): warning X3205: conversion from larger type to smaller, possible loss of data
C:/GIT_WD/treymd-github/BattleOfTos/shaders/common/postFx/dof/DOF_Final_P.hlsl(132,11): warning X3205: conversion from larger type to smaller, possible loss of data
Mapping string: ToggleCamera to index: 5
*** Control Object Changed
Mapping string: SetEditorCameraStandard to index: 6
Win32Window::WindowProc - resetting device due to window size change.
GFXPCD3D9Device::reset - depthstencil 199c48a0 has 2 ref's
--- Resetting D3D Device ---
Win32Window::WindowProc - resetting device due to window size change.
GFXPCD3D9Device::reset - depthstencil 199c48a0 has 2 ref's
--- Resetting D3D Device ---
Time spent in toggleEditor() : 0.246 s
*** Control Object Changed
Win32Window::WindowProc - resetting device due to window size change.
GFXPCD3D9Device::reset - depthstencil 199c48a0 has 2 ref's
--- Resetting D3D Device ---
Win32Window::WindowProc - resetting device due to window size change.
GFXPCD3D9Device::reset - depthstencil 199c48a0 has 2 ref's
--- Resetting D3D Device ---
Time spent in toggleEditor() : 0.247 s
Win32Window::WindowProc - resetting device due to window size change.
GFXPCD3D9Device::reset - depthstencil 199c48a0 has 2 ref's
--- Resetting D3D Device ---
Win32Window::WindowProc - resetting device due to window size change.
GFXPCD3D9Device::reset - depthstencil 199c48a0 has 2 ref's
--- Resetting D3D Device ---
Time spent in toggleEditor() : 0.279 s
Window focus status changed: focus: 0
  Using background sleep time: 200
DirectInput deactivated.
Activating DirectInput...
Window focus status changed: focus: 1
Window focus status changed: focus: 0
  Using background sleep time: 200
DirectInput deactivated.
Activating DirectInput...
Window focus status changed: focus: 1
Win32Window::WindowProc - resetting device due to window size change.
GFXPCD3D9Device::reset - depthstencil 199c48a0 has 2 ref's
--- Resetting D3D Device ---
*** ENDING MISSION
4461 -> deactivatePackages
CDROP: 4463 IP:0.0.0.0:0
Exporting server prefs...
Exporting client prefs
Exporting server prefs
Cur. D3DDevice ref count=1
